[
  {
    "line": 2,
    "elements": [
      {
        "start_timestamp": "2020-11-23T23:29:58.757Z",
        "before": [
          {
            "result": {
              "duration": 2000000,
              "status": "passed"
            },
            "match": {
              "location": "stepdefinitions.Hooks.setUp()"
            }
          }
        ],
        "line": 5,
        "name": "The New Account.",
        "description": "",
        "id": "system-should-allow-admin-to-create-a-new-account;the-new-account.",
        "type": "scenario",
        "keyword": "Scenario",
        "steps": [
          {
            "result": {
              "duration": 9753000000,
              "status": "passed"
            },
            "line": 6,
            "name": "gmibank.com address goes",
            "match": {
              "location": "stepdefinitions.CreateNewAccountStepDef.gmibank_com_address_goes()"
            },
            "keyword": "Given "
          },
          {
            "result": {
              "duration": 153000000,
              "status": "passed"
            },
            "line": 7,
            "name": "enter a clicks dropdown menu",
            "match": {
              "location": "stepdefinitions.CreateNewAccountStepDef.enter_a_clicks_dropdown_menu()"
            },
            "keyword": "And "
          },
          {
            "result": {
              "duration": 181000000,
              "status": "passed"
            },
            "line": 8,
            "name": "sign in",
            "match": {
              "location": "stepdefinitions.CreateNewAccountStepDef.sign_in()"
            },
            "keyword": "And "
          },
          {
            "result": {
              "duration": 233000000,
              "status": "passed"
            },
            "line": 9,
            "name": "the username enters i",
            "match": {
              "location": "stepdefinitions.CreateNewAccountStepDef.the_username_enters_i()"
            },
            "keyword": "And "
          },
          {
            "result": {
              "duration": 238000000,
              "status": "passed"
            },
            "line": 10,
            "name": "the user password enters u",
            "match": {
              "location": "stepdefinitions.CreateNewAccountStepDef.the_user_password_enters_u()"
            },
            "keyword": "And "
          },
          {
            "result": {
              "duration": 235000000,
              "status": "passed"
            },
            "line": 11,
            "name": "user clicks sign in button",
            "match": {
              "location": "stepdefinitions.CreateNewAccountStepDef.user_clicks_sign_in_button()"
            },
            "keyword": "And "
          },
          {
            "result": {
              "duration": 472000000,
              "status": "passed"
            },
            "line": 12,
            "name": "click the `` My Operations \u0027\u0027 drop-down menu at one click.",
            "match": {
              "arguments": [
                {
                  "val": "\u0027\u0027",
                  "offset": 27
                }
              ],
              "location": "stepdefinitions.CreateNewAccountStepDef.click_the_My_Operations_drop_down_menu_at_one_click(java.lang.String)"
            },
            "keyword": "And "
          },
          {
            "result": {
              "duration": 139000000,
              "status": "passed"
            },
            "line": 13,
            "name": "Managing Accounts is safe",
            "match": {
              "location": "stepdefinitions.CreateNewAccountStepDef.managing_Accounts_is_safe()"
            },
            "keyword": "And "
          },
          {
            "result": {
              "error_message": "org.openqa.selenium.NoSuchElementException: no such element: Unable to locate element: {\"method\":\"css selector\",\"selector\":\"#jh\\-create\\-entity\"}\n  (Session info: chrome\u003d86.0.4240.198)\nFor documentation on this error, please visit: https://www.seleniumhq.org/exceptions/no_such_element.html\nBuild info: version: \u00273.141.59\u0027, revision: \u0027e82be7d358\u0027, time: \u00272018-11-14T08:17:03\u0027\nSystem info: host: \u0027Air-MacBook-Air.local\u0027, ip: \u00272001:14ba:3fb:5800:0:0:0:3%en0\u0027, os.name: \u0027Mac OS X\u0027, os.arch: \u0027x86_64\u0027, os.version: \u002710.15.6\u0027, java.version: \u00271.8.0_241\u0027\nDriver info: org.openqa.selenium.chrome.ChromeDriver\nCapabilities {acceptInsecureCerts: false, browserName: chrome, browserVersion: 86.0.4240.198, chrome: {chromedriverVersion: 86.0.4240.22 (398b0743353ff..., userDataDir: /var/folders/t_/rz3t8_b5221...}, goog:chromeOptions: {debuggerAddress: localhost:61520}, javascriptEnabled: true, networkConnectionEnabled: false, pageLoadStrategy: normal, platform: MAC, platformName: MAC, proxy: Proxy(), setWindowRect: true, strictFileInteractability: false, timeouts: {implicit: 0, pageLoad: 300000, script: 30000}, unhandledPromptBehavior: dismiss and notify, webauthn:virtualAuthenticators: true}\nSession ID: 61022d60d9a7e9fd7aee2afb15bfbe55\n*** Element info: {Using\u003did, value\u003djh-create-entity}\n\tat sun.reflect.NativeConstructorAccessorImpl.newInstance0(Native Method)\n\tat sun.reflect.NativeConstructorAccessorImpl.newInstance(NativeConstructorAccessorImpl.java:62)\n\tat sun.reflect.DelegatingConstructorAccessorImpl.newInstance(DelegatingConstructorAccessorImpl.java:45)\n\tat java.lang.reflect.Constructor.newInstance(Constructor.java:423)\n\tat org.openqa.selenium.remote.http.W3CHttpResponseCodec.createException(W3CHttpResponseCodec.java:187)\n\tat org.openqa.selenium.remote.http.W3CHttpResponseCodec.decode(W3CHttpResponseCodec.java:122)\n\tat org.openqa.selenium.remote.http.W3CHttpResponseCodec.decode(W3CHttpResponseCodec.java:49)\n\tat org.openqa.selenium.remote.HttpCommandExecutor.execute(HttpCommandExecutor.java:158)\n\tat org.openqa.selenium.remote.service.DriverCommandExecutor.execute(DriverCommandExecutor.java:83)\n\tat org.openqa.selenium.remote.RemoteWebDriver.execute(RemoteWebDriver.java:552)\n\tat org.openqa.selenium.remote.RemoteWebDriver.findElement(RemoteWebDriver.java:323)\n\tat org.openqa.selenium.remote.RemoteWebDriver.findElementById(RemoteWebDriver.java:372)\n\tat org.openqa.selenium.By$ById.findElement(By.java:188)\n\tat org.openqa.selenium.remote.RemoteWebDriver.findElement(RemoteWebDriver.java:315)\n\tat org.openqa.selenium.support.pagefactory.DefaultElementLocator.findElement(DefaultElementLocator.java:69)\n\tat org.openqa.selenium.support.pagefactory.internal.LocatingElementHandler.invoke(LocatingElementHandler.java:38)\n\tat com.sun.proxy.$Proxy17.click(Unknown Source)\n\tat stepdefinitions.CreateNewAccountStepDef.create_a_new_Account_and_more(CreateNewAccountStepDef.java:60)\n\tat ✽.create a new Account and more(file:///Users/air/IdeaProjects/com.gmibank/src/test/resources/features/US19adminCreateNewAccount.feature:14)\n",
              "duration": 10067000000,
              "status": "failed"
            },
            "line": 14,
            "name": "create a new Account and more",
            "match": {
              "location": "stepdefinitions.CreateNewAccountStepDef.create_a_new_Account_and_more()"
            },
            "keyword": "And "
          },
          {
            "result": {
              "status": "skipped"
            },
            "line": 15,
            "name": "The User Descrition field is clicked but left blank.",
            "match": {
              "location": "stepdefinitions.CreateNewAccountStepDef.the_User_Descrition_field_is_clicked_but_left_blank()"
            },
            "keyword": "Then "
          },
          {
            "result": {
              "duration": 1000000,
              "status": "skipped"
            },
            "line": 16,
            "name": "hen the user enters a number in the \u0027Banalce\u0027 field",
            "match": {
              "arguments": [
                {
                  "val": "\u0027Banalce\u0027",
                  "offset": 36
                }
              ],
              "location": "stepdefinitions.CreateNewAccountStepDef.hen_the_user_enters_a_number_in_the_field(java.lang.String)"
            },
            "keyword": "Then "
          },
          {
            "result": {
              "duration": 1000000,
              "status": "skipped"
            },
            "line": 17,
            "name": "hen clicks Account Type dropdown",
            "match": {
              "location": "stepdefinitions.CreateNewAccountStepDef.hen_clicks_Account_Type_dropdown()"
            },
            "keyword": "Then "
          },
          {
            "result": {
              "duration": 1000000,
              "status": "skipped"
            },
            "line": 18,
            "name": "hen clicks Account Status Type dropdown",
            "match": {
              "location": "stepdefinitions.CreateNewAccountStepDef.hen_clicks_Account_Status_Type_dropdown()"
            },
            "keyword": "Then "
          },
          {
            "result": {
              "status": "skipped"
            },
            "line": 19,
            "name": "hen User Employee clicks dropdown",
            "match": {
              "location": "stepdefinitions.CreateNewAccountStepDef.hen_User_Employee_clicks_dropdown()"
            },
            "keyword": "Then "
          },
          {
            "result": {
              "status": "skipped"
            },
            "line": 20,
            "name": "hen clicks Save button.",
            "match": {
              "location": "stepdefinitions.CreateNewAccountStepDef.hen_clicks_Save_button()"
            },
            "keyword": "Then "
          }
        ],
        "tags": [
          {
            "name": "@US19"
          },
          {
            "name": "@US19TC01"
          }
        ]
      },
      {
        "start_timestamp": "2020-11-23T23:30:20.531Z",
        "before": [
          {
            "result": {
              "status": "passed"
            },
            "match": {
              "location": "stepdefinitions.Hooks.setUp()"
            }
          }
        ],
        "line": 23,
        "name": "User should provide a balance for the first time account creation as Dollar",
        "description": "",
        "id": "system-should-allow-admin-to-create-a-new-account;user-should-provide-a-balance-for-the-first-time-account-creation-as-dollar",
        "type": "scenario",
        "keyword": "Scenario",
        "steps": [
          {
            "result": {
              "duration": 3283000000,
              "status": "passed"
            },
            "line": 24,
            "name": "The User sign out",
            "match": {
              "location": "stepdefinitions.CreateNewAccountStepDef.the_User_sign_out()"
            },
            "keyword": "Given "
          },
          {
            "result": {
              "duration": 555000000,
              "status": "passed"
            },
            "line": 25,
            "name": "gmibank.com address goes",
            "match": {
              "location": "stepdefinitions.CreateNewAccountStepDef.gmibank_com_address_goes()"
            },
            "keyword": "Given "
          },
          {
            "result": {
              "duration": 198000000,
              "status": "passed"
            },
            "line": 26,
            "name": "enter a clicks dropdown menu",
            "match": {
              "location": "stepdefinitions.CreateNewAccountStepDef.enter_a_clicks_dropdown_menu()"
            },
            "keyword": "And "
          },
          {
            "result": {
              "duration": 146000000,
              "status": "passed"
            },
            "line": 27,
            "name": "sign in",
            "match": {
              "location": "stepdefinitions.CreateNewAccountStepDef.sign_in()"
            },
            "keyword": "And "
          },
          {
            "result": {
              "duration": 131000000,
              "status": "passed"
            },
            "line": 28,
            "name": "the username enters i",
            "match": {
              "location": "stepdefinitions.CreateNewAccountStepDef.the_username_enters_i()"
            },
            "keyword": "And "
          },
          {
            "result": {
              "duration": 160000000,
              "status": "passed"
            },
            "line": 29,
            "name": "the user password enters u",
            "match": {
              "location": "stepdefinitions.CreateNewAccountStepDef.the_user_password_enters_u()"
            },
            "keyword": "And "
          },
          {
            "result": {
              "duration": 183000000,
              "status": "passed"
            },
            "line": 30,
            "name": "user clicks sign in button",
            "match": {
              "location": "stepdefinitions.CreateNewAccountStepDef.user_clicks_sign_in_button()"
            },
            "keyword": "And "
          },
          {
            "result": {
              "duration": 618000000,
              "status": "passed"
            },
            "line": 31,
            "name": "click the My Operations drop-down menu at one click.",
            "match": {
              "location": "stepdefinitions.CreateNewAccountStepDef.click_the_My_Operations_drop_down_menu_at_one_click()"
            },
            "keyword": "And "
          },
          {
            "result": {
              "error_message": "org.openqa.selenium.ElementNotInteractableException: element not interactable\n  (Session info: chrome\u003d86.0.4240.198)\nBuild info: version: \u00273.141.59\u0027, revision: \u0027e82be7d358\u0027, time: \u00272018-11-14T08:17:03\u0027\nSystem info: host: \u0027Air-MacBook-Air.local\u0027, ip: \u00272001:14ba:3fb:5800:0:0:0:3%en0\u0027, os.name: \u0027Mac OS X\u0027, os.arch: \u0027x86_64\u0027, os.version: \u002710.15.6\u0027, java.version: \u00271.8.0_241\u0027\nDriver info: org.openqa.selenium.chrome.ChromeDriver\nCapabilities {acceptInsecureCerts: false, browserName: chrome, browserVersion: 86.0.4240.198, chrome: {chromedriverVersion: 86.0.4240.22 (398b0743353ff..., userDataDir: /var/folders/t_/rz3t8_b5221...}, goog:chromeOptions: {debuggerAddress: localhost:61520}, javascriptEnabled: true, networkConnectionEnabled: false, pageLoadStrategy: normal, platform: MAC, platformName: MAC, proxy: Proxy(), setWindowRect: true, strictFileInteractability: false, timeouts: {implicit: 0, pageLoad: 300000, script: 30000}, unhandledPromptBehavior: dismiss and notify, webauthn:virtualAuthenticators: true}\nSession ID: 61022d60d9a7e9fd7aee2afb15bfbe55\n\tat sun.reflect.NativeConstructorAccessorImpl.newInstance0(Native Method)\n\tat sun.reflect.NativeConstructorAccessorImpl.newInstance(NativeConstructorAccessorImpl.java:62)\n\tat sun.reflect.DelegatingConstructorAccessorImpl.newInstance(DelegatingConstructorAccessorImpl.java:45)\n\tat java.lang.reflect.Constructor.newInstance(Constructor.java:423)\n\tat org.openqa.selenium.remote.http.W3CHttpResponseCodec.createException(W3CHttpResponseCodec.java:187)\n\tat org.openqa.selenium.remote.http.W3CHttpResponseCodec.decode(W3CHttpResponseCodec.java:122)\n\tat org.openqa.selenium.remote.http.W3CHttpResponseCodec.decode(W3CHttpResponseCodec.java:49)\n\tat org.openqa.selenium.remote.HttpCommandExecutor.execute(HttpCommandExecutor.java:158)\n\tat org.openqa.selenium.remote.service.DriverCommandExecutor.execute(DriverCommandExecutor.java:83)\n\tat org.openqa.selenium.remote.RemoteWebDriver.execute(RemoteWebDriver.java:552)\n\tat org.openqa.selenium.remote.RemoteWebElement.execute(RemoteWebElement.java:285)\n\tat org.openqa.selenium.remote.RemoteWebElement.click(RemoteWebElement.java:84)\n\tat sun.reflect.NativeMethodAccessorImpl.invoke0(Native Method)\n\tat sun.reflect.NativeMethodAccessorImpl.invoke(NativeMethodAccessorImpl.java:62)\n\tat sun.reflect.DelegatingMethodAccessorImpl.invoke(DelegatingMethodAccessorImpl.java:43)\n\tat java.lang.reflect.Method.invoke(Method.java:498)\n\tat org.openqa.selenium.support.pagefactory.internal.LocatingElementHandler.invoke(LocatingElementHandler.java:51)\n\tat com.sun.proxy.$Proxy17.click(Unknown Source)\n\tat stepdefinitions.CreateNewAccountStepDef.managing_Accounts_is_safe(CreateNewAccountStepDef.java:55)\n\tat ✽.Managing Accounts is safe(file:///Users/air/IdeaProjects/com.gmibank/src/test/resources/features/US19adminCreateNewAccount.feature:32)\n",
              "duration": 10087000000,
              "status": "failed"
            },
            "line": 32,
            "name": "Managing Accounts is safe",
            "match": {
              "location": "stepdefinitions.CreateNewAccountStepDef.managing_Accounts_is_safe()"
            },
            "keyword": "And "
          },
          {
            "result": {
              "duration": 1000000,
              "status": "skipped"
            },
            "line": 33,
            "name": "create a new Account and more",
            "match": {
              "location": "stepdefinitions.CreateNewAccountStepDef.create_a_new_Account_and_more()"
            },
            "keyword": "And "
          },
          {
            "result": {
              "duration": 1000000,
              "status": "skipped"
            },
            "line": 34,
            "name": "The User Descrition field is clicked but left blank.",
            "match": {
              "location": "stepdefinitions.CreateNewAccountStepDef.the_User_Descrition_field_is_clicked_but_left_blank()"
            },
            "keyword": "Then "
          },
          {
            "result": {
              "status": "skipped"
            },
            "line": 35,
            "name": "hen the user enters a number in the \u0027Banalce\u0027 field",
            "match": {
              "arguments": [
                {
                  "val": "\u0027Banalce\u0027",
                  "offset": 36
                }
              ],
              "location": "stepdefinitions.CreateNewAccountStepDef.hen_the_user_enters_a_number_in_the_field(java.lang.String)"
            },
            "keyword": "Then "
          },
          {
            "result": {
              "duration": 1000000,
              "status": "skipped"
            },
            "line": 36,
            "name": "hen clicks Account Type dropdown",
            "match": {
              "location": "stepdefinitions.CreateNewAccountStepDef.hen_clicks_Account_Type_dropdown()"
            },
            "keyword": "Then "
          },
          {
            "result": {
              "duration": 1000000,
              "status": "skipped"
            },
            "line": 37,
            "name": "hen clicks Account Status Type dropdown",
            "match": {
              "location": "stepdefinitions.CreateNewAccountStepDef.hen_clicks_Account_Status_Type_dropdown()"
            },
            "keyword": "Then "
          },
          {
            "result": {
              "status": "skipped"
            },
            "line": 38,
            "name": "hen User Employee clicks dropdown",
            "match": {
              "location": "stepdefinitions.CreateNewAccountStepDef.hen_User_Employee_clicks_dropdown()"
            },
            "keyword": "Then "
          },
          {
            "result": {
              "status": "skipped"
            },
            "line": 39,
            "name": "hen clicks Save button.",
            "match": {
              "location": "stepdefinitions.CreateNewAccountStepDef.hen_clicks_Save_button()"
            },
            "keyword": "Then "
          }
        ],
        "tags": [
          {
            "name": "@US19"
          },
          {
            "name": "@US19TC02"
          }
        ]
      },
      {
        "start_timestamp": "2020-11-23T23:30:35.938Z",
        "before": [
          {
            "result": {
              "status": "passed"
            },
            "match": {
              "location": "stepdefinitions.Hooks.setUp()"
            }
          }
        ],
        "line": 41,
        "name": "User can select an account type as CHECKING, SAVING, CREDIT_CARD or INVESTING",
        "description": "",
        "id": "system-should-allow-admin-to-create-a-new-account;user-can-select-an-account-type-as-checking--saving--credit-card-or-investing",
        "type": "scenario",
        "keyword": "Scenario",
        "steps": [
          {
            "result": {
              "duration": 3269000000,
              "status": "passed"
            },
            "line": 42,
            "name": "The User sign out",
            "match": {
              "location": "stepdefinitions.CreateNewAccountStepDef.the_User_sign_out()"
            },
            "keyword": "Given "
          },
          {
            "result": {
              "duration": 555000000,
              "status": "passed"
            },
            "line": 43,
            "name": "gmibank.com address goes",
            "match": {
              "location": "stepdefinitions.CreateNewAccountStepDef.gmibank_com_address_goes()"
            },
            "keyword": "Given "
          },
          {
            "result": {
              "duration": 177000000,
              "status": "passed"
            },
            "line": 44,
            "name": "enter a clicks dropdown menu",
            "match": {
              "location": "stepdefinitions.CreateNewAccountStepDef.enter_a_clicks_dropdown_menu()"
            },
            "keyword": "And "
          },
          {
            "result": {
              "duration": 139000000,
              "status": "passed"
            },
            "line": 45,
            "name": "sign in",
            "match": {
              "location": "stepdefinitions.CreateNewAccountStepDef.sign_in()"
            },
            "keyword": "And "
          },
          {
            "result": {
              "duration": 133000000,
              "status": "passed"
            },
            "line": 46,
            "name": "the username enters i",
            "match": {
              "location": "stepdefinitions.CreateNewAccountStepDef.the_username_enters_i()"
            },
            "keyword": "And "
          },
          {
            "result": {
              "duration": 197000000,
              "status": "passed"
            },
            "line": 47,
            "name": "the user password enters u",
            "match": {
              "location": "stepdefinitions.CreateNewAccountStepDef.the_user_password_enters_u()"
            },
            "keyword": "And "
          },
          {
            "result": {
              "duration": 140000000,
              "status": "passed"
            },
            "line": 48,
            "name": "user clicks sign in button",
            "match": {
              "location": "stepdefinitions.CreateNewAccountStepDef.user_clicks_sign_in_button()"
            },
            "keyword": "And "
          },
          {
            "result": {
              "duration": 642000000,
              "status": "passed"
            },
            "line": 49,
            "name": "click the \u0027My Operations\u0027 dropdown menu at one click.",
            "match": {
              "arguments": [
                {
                  "val": "\u0027My Operations\u0027",
                  "offset": 10
                }
              ],
              "location": "stepdefinitions.CreateNewAccountStepDef.click_the_dropdown_menu_at_one_click(java.lang.String)"
            },
            "keyword": "And "
          },
          {
            "result": {
              "error_message": "org.openqa.selenium.ElementNotInteractableException: element not interactable\n  (Session info: chrome\u003d86.0.4240.198)\nBuild info: version: \u00273.141.59\u0027, revision: \u0027e82be7d358\u0027, time: \u00272018-11-14T08:17:03\u0027\nSystem info: host: \u0027Air-MacBook-Air.local\u0027, ip: \u00272001:14ba:3fb:5800:0:0:0:3%en0\u0027, os.name: \u0027Mac OS X\u0027, os.arch: \u0027x86_64\u0027, os.version: \u002710.15.6\u0027, java.version: \u00271.8.0_241\u0027\nDriver info: org.openqa.selenium.chrome.ChromeDriver\nCapabilities {acceptInsecureCerts: false, browserName: chrome, browserVersion: 86.0.4240.198, chrome: {chromedriverVersion: 86.0.4240.22 (398b0743353ff..., userDataDir: /var/folders/t_/rz3t8_b5221...}, goog:chromeOptions: {debuggerAddress: localhost:61520}, javascriptEnabled: true, networkConnectionEnabled: false, pageLoadStrategy: normal, platform: MAC, platformName: MAC, proxy: Proxy(), setWindowRect: true, strictFileInteractability: false, timeouts: {implicit: 0, pageLoad: 300000, script: 30000}, unhandledPromptBehavior: dismiss and notify, webauthn:virtualAuthenticators: true}\nSession ID: 61022d60d9a7e9fd7aee2afb15bfbe55\n\tat sun.reflect.NativeConstructorAccessorImpl.newInstance0(Native Method)\n\tat sun.reflect.NativeConstructorAccessorImpl.newInstance(NativeConstructorAccessorImpl.java:62)\n\tat sun.reflect.DelegatingConstructorAccessorImpl.newInstance(DelegatingConstructorAccessorImpl.java:45)\n\tat java.lang.reflect.Constructor.newInstance(Constructor.java:423)\n\tat org.openqa.selenium.remote.http.W3CHttpResponseCodec.createException(W3CHttpResponseCodec.java:187)\n\tat org.openqa.selenium.remote.http.W3CHttpResponseCodec.decode(W3CHttpResponseCodec.java:122)\n\tat org.openqa.selenium.remote.http.W3CHttpResponseCodec.decode(W3CHttpResponseCodec.java:49)\n\tat org.openqa.selenium.remote.HttpCommandExecutor.execute(HttpCommandExecutor.java:158)\n\tat org.openqa.selenium.remote.service.DriverCommandExecutor.execute(DriverCommandExecutor.java:83)\n\tat org.openqa.selenium.remote.RemoteWebDriver.execute(RemoteWebDriver.java:552)\n\tat org.openqa.selenium.remote.RemoteWebElement.execute(RemoteWebElement.java:285)\n\tat org.openqa.selenium.remote.RemoteWebElement.click(RemoteWebElement.java:84)\n\tat sun.reflect.GeneratedMethodAccessor4.invoke(Unknown Source)\n\tat sun.reflect.DelegatingMethodAccessorImpl.invoke(DelegatingMethodAccessorImpl.java:43)\n\tat java.lang.reflect.Method.invoke(Method.java:498)\n\tat org.openqa.selenium.support.pagefactory.internal.LocatingElementHandler.invoke(LocatingElementHandler.java:51)\n\tat com.sun.proxy.$Proxy17.click(Unknown Source)\n\tat stepdefinitions.CreateNewAccountStepDef.managing_Accounts_is_safe(CreateNewAccountStepDef.java:55)\n\tat ✽.Managing Accounts is safe(file:///Users/air/IdeaProjects/com.gmibank/src/test/resources/features/US19adminCreateNewAccount.feature:50)\n",
              "duration": 10051000000,
              "status": "failed"
            },
            "line": 50,
            "name": "Managing Accounts is safe",
            "match": {
              "location": "stepdefinitions.CreateNewAccountStepDef.managing_Accounts_is_safe()"
            },
            "keyword": "And "
          },
          {
            "result": {
              "status": "skipped"
            },
            "line": 51,
            "name": "create a new Account and more",
            "match": {
              "location": "stepdefinitions.CreateNewAccountStepDef.create_a_new_Account_and_more()"
            },
            "keyword": "And "
          },
          {
            "result": {
              "status": "skipped"
            },
            "line": 52,
            "name": "Click User Account Status Type dropdown",
            "match": {
              "location": "stepdefinitions.CreateNewAccountStepDef.click_User_Account_Status_Type_dropdown()"
            },
            "keyword": "Then "
          },
          {
            "result": {
              "status": "skipped"
            },
            "line": 53,
            "name": "confirms that the \"Checking\" option can be selected from the drop down select menu",
            "match": {
              "arguments": [
                {
                  "val": "\"Checking\"",
                  "offset": 18
                }
              ],
              "location": "stepdefinitions.CreateNewAccountStepDef.confirms_that_the_option_can_be_selected_from_the_drop_down_select_menu(java.lang.String)"
            },
            "keyword": "Then "
          },
          {
            "result": {
              "status": "skipped"
            },
            "line": 54,
            "name": "confirms that the \"Saving\" option can be selected from the select menu that opens.",
            "match": {
              "arguments": [
                {
                  "val": "\"Saving\"",
                  "offset": 18
                }
              ],
              "location": "stepdefinitions.CreateNewAccountStepDef.confirms_that_the_option_can_be_selected_from_the_select_menu_that_opens(java.lang.String)"
            },
            "keyword": "Then "
          },
          {
            "result": {
              "status": "skipped"
            },
            "line": 55,
            "name": "it verifies that the \"Credit_Card\" option is selectable from the select menu that opens.",
            "match": {
              "arguments": [
                {
                  "val": "\"Credit_Card\"",
                  "offset": 21
                }
              ],
              "location": "stepdefinitions.CreateNewAccountStepDef.it_verifies_that_the_option_is_selectable_from_the_select_menu_that_opens(java.lang.String)"
            },
            "keyword": "Then "
          },
          {
            "result": {
              "duration": 1000000,
              "status": "skipped"
            },
            "line": 56,
            "name": "confirms that the \"Investing\" option can be selected from the opened seleck menu.",
            "match": {
              "arguments": [
                {
                  "val": "\"Investing\"",
                  "offset": 18
                }
              ],
              "location": "stepdefinitions.CreateNewAccountStepDef.confirms_that_the_option_can_be_selected_from_the_opened_seleck_menu(java.lang.String)"
            },
            "keyword": "Then "
          }
        ],
        "tags": [
          {
            "name": "@US19"
          },
          {
            "name": "@US19TC03"
          }
        ]
      },
      {
        "start_timestamp": "2020-11-23T23:30:51.276Z",
        "before": [
          {
            "result": {
              "status": "passed"
            },
            "match": {
              "location": "stepdefinitions.Hooks.setUp()"
            }
          }
        ],
        "line": 59,
        "name": "Account status should be defined as ACTIVE, SUSPENDED or CLOSED",
        "description": "",
        "id": "system-should-allow-admin-to-create-a-new-account;account-status-should-be-defined-as-active--suspended-or-closed",
        "type": "scenario",
        "keyword": "Scenario",
        "steps": [
          {
            "result": {
              "duration": 3289000000,
              "status": "passed"
            },
            "line": 60,
            "name": "The User sign out",
            "match": {
              "location": "stepdefinitions.CreateNewAccountStepDef.the_User_sign_out()"
            },
            "keyword": "Given "
          },
          {
            "result": {
              "duration": 559000000,
              "status": "passed"
            },
            "line": 61,
            "name": "gmibank.com address goes",
            "match": {
              "location": "stepdefinitions.CreateNewAccountStepDef.gmibank_com_address_goes()"
            },
            "keyword": "Given "
          },
          {
            "result": {
              "duration": 206000000,
              "status": "passed"
            },
            "line": 62,
            "name": "enter a clicks dropdown menu",
            "match": {
              "location": "stepdefinitions.CreateNewAccountStepDef.enter_a_clicks_dropdown_menu()"
            },
            "keyword": "And "
          },
          {
            "result": {
              "duration": 221000000,
              "status": "passed"
            },
            "line": 63,
            "name": "sign in",
            "match": {
              "location": "stepdefinitions.CreateNewAccountStepDef.sign_in()"
            },
            "keyword": "And "
          },
          {
            "result": {
              "duration": 144000000,
              "status": "passed"
            },
            "line": 64,
            "name": "the username enters i",
            "match": {
              "location": "stepdefinitions.CreateNewAccountStepDef.the_username_enters_i()"
            },
            "keyword": "And "
          },
          {
            "result": {
              "duration": 213000000,
              "status": "passed"
            },
            "line": 65,
            "name": "the user password enters u",
            "match": {
              "location": "stepdefinitions.CreateNewAccountStepDef.the_user_password_enters_u()"
            },
            "keyword": "And "
          },
          {
            "result": {
              "duration": 164000000,
              "status": "passed"
            },
            "line": 66,
            "name": "user clicks sign in button",
            "match": {
              "location": "stepdefinitions.CreateNewAccountStepDef.user_clicks_sign_in_button()"
            },
            "keyword": "And "
          },
          {
            "result": {
              "duration": 689000000,
              "status": "passed"
            },
            "line": 67,
            "name": "click the \u0027My Operations\u0027 droppdown menu at one click.",
            "match": {
              "arguments": [
                {
                  "val": "\u0027My Operations\u0027",
                  "offset": 10
                }
              ],
              "location": "stepdefinitions.CreateNewAccountStepDef.click_the_droppdown_menu_at_one_click(java.lang.String)"
            },
            "keyword": "And "
          },
          {
            "result": {
              "error_message": "org.openqa.selenium.NoSuchElementException: no such element: Unable to locate element: {\"method\":\"css selector\",\"selector\":\"#tp\\-account\\-accountType\"}\n  (Session info: chrome\u003d86.0.4240.198)\nFor documentation on this error, please visit: https://www.seleniumhq.org/exceptions/no_such_element.html\nBuild info: version: \u00273.141.59\u0027, revision: \u0027e82be7d358\u0027, time: \u00272018-11-14T08:17:03\u0027\nSystem info: host: \u0027Air-MacBook-Air.local\u0027, ip: \u00272001:14ba:3fb:5800:0:0:0:3%en0\u0027, os.name: \u0027Mac OS X\u0027, os.arch: \u0027x86_64\u0027, os.version: \u002710.15.6\u0027, java.version: \u00271.8.0_241\u0027\nDriver info: org.openqa.selenium.chrome.ChromeDriver\nCapabilities {acceptInsecureCerts: false, browserName: chrome, browserVersion: 86.0.4240.198, chrome: {chromedriverVersion: 86.0.4240.22 (398b0743353ff..., userDataDir: /var/folders/t_/rz3t8_b5221...}, goog:chromeOptions: {debuggerAddress: localhost:61520}, javascriptEnabled: true, networkConnectionEnabled: false, pageLoadStrategy: normal, platform: MAC, platformName: MAC, proxy: Proxy(), setWindowRect: true, strictFileInteractability: false, timeouts: {implicit: 0, pageLoad: 300000, script: 30000}, unhandledPromptBehavior: dismiss and notify, webauthn:virtualAuthenticators: true}\nSession ID: 61022d60d9a7e9fd7aee2afb15bfbe55\n*** Element info: {Using\u003did, value\u003dtp-account-accountType}\n\tat sun.reflect.NativeConstructorAccessorImpl.newInstance0(Native Method)\n\tat sun.reflect.NativeConstructorAccessorImpl.newInstance(NativeConstructorAccessorImpl.java:62)\n\tat sun.reflect.DelegatingConstructorAccessorImpl.newInstance(DelegatingConstructorAccessorImpl.java:45)\n\tat java.lang.reflect.Constructor.newInstance(Constructor.java:423)\n\tat org.openqa.selenium.remote.http.W3CHttpResponseCodec.createException(W3CHttpResponseCodec.java:187)\n\tat org.openqa.selenium.remote.http.W3CHttpResponseCodec.decode(W3CHttpResponseCodec.java:122)\n\tat org.openqa.selenium.remote.http.W3CHttpResponseCodec.decode(W3CHttpResponseCodec.java:49)\n\tat org.openqa.selenium.remote.HttpCommandExecutor.execute(HttpCommandExecutor.java:158)\n\tat org.openqa.selenium.remote.service.DriverCommandExecutor.execute(DriverCommandExecutor.java:83)\n\tat org.openqa.selenium.remote.RemoteWebDriver.execute(RemoteWebDriver.java:552)\n\tat org.openqa.selenium.remote.RemoteWebDriver.findElement(RemoteWebDriver.java:323)\n\tat org.openqa.selenium.remote.RemoteWebDriver.findElementById(RemoteWebDriver.java:372)\n\tat org.openqa.selenium.By$ById.findElement(By.java:188)\n\tat org.openqa.selenium.remote.RemoteWebDriver.findElement(RemoteWebDriver.java:315)\n\tat org.openqa.selenium.support.pagefactory.DefaultElementLocator.findElement(DefaultElementLocator.java:69)\n\tat org.openqa.selenium.support.pagefactory.internal.LocatingElementHandler.invoke(LocatingElementHandler.java:38)\n\tat com.sun.proxy.$Proxy17.click(Unknown Source)\n\tat stepdefinitions.CreateNewAccountStepDef.an_Account_Type_dropdown_menu(CreateNewAccountStepDef.java:150)\n\tat ✽.An Account Type dropdown menu(file:///Users/air/IdeaProjects/com.gmibank/src/test/resources/features/US19adminCreateNewAccount.feature:68)\n",
              "duration": 10044000000,
              "status": "failed"
            },
            "line": 68,
            "name": "An Account Type dropdown menu",
            "match": {
              "location": "stepdefinitions.CreateNewAccountStepDef.an_Account_Type_dropdown_menu()"
            },
            "keyword": "Then "
          },
          {
            "result": {
              "status": "skipped"
            },
            "line": 69,
            "name": "confirms that the \"Suespended\" option is selectable from the select menu that opens.",
            "match": {
              "arguments": [
                {
                  "val": "\"Suespended\"",
                  "offset": 18
                }
              ],
              "location": "stepdefinitions.CreateNewAccountStepDef.confirms_that_the_option_is_selectable_from_the_select_menu_that_opens(java.lang.String)"
            },
            "keyword": "Then "
          },
          {
            "result": {
              "duration": 1000000,
              "status": "skipped"
            },
            "line": 70,
            "name": "confirm that the \"Off\" option is selectable from the drop-down menu.",
            "match": {
              "arguments": [
                {
                  "val": "\"Off\"",
                  "offset": 17
                }
              ],
              "location": "stepdefinitions.CreateNewAccountStepDef.confirm_that_the_option_is_selectable_from_the_drop_down_menu(java.lang.String)"
            },
            "keyword": "Then "
          }
        ],
        "tags": [
          {
            "name": "@US19"
          },
          {
            "name": "@US19TC04"
          }
        ]
      },
      {
        "start_timestamp": "2020-11-23T23:31:06.840Z",
        "before": [
          {
            "result": {
              "duration": 1000000,
              "status": "passed"
            },
            "match": {
              "location": "stepdefinitions.Hooks.setUp()"
            }
          }
        ],
        "line": 74,
        "name": "User can select an employee from the drop-down",
        "description": "",
        "id": "system-should-allow-admin-to-create-a-new-account;user-can-select-an-employee-from-the-drop-down",
        "type": "scenario",
        "keyword": "Scenario",
        "steps": [
          {
            "result": {
              "duration": 3254000000,
              "status": "passed"
            },
            "line": 75,
            "name": "The User sign out",
            "match": {
              "location": "stepdefinitions.CreateNewAccountStepDef.the_User_sign_out()"
            },
            "keyword": "Given "
          },
          {
            "result": {
              "duration": 678000000,
              "status": "passed"
            },
            "line": 76,
            "name": "gmibank.com address goes",
            "match": {
              "location": "stepdefinitions.CreateNewAccountStepDef.gmibank_com_address_goes()"
            },
            "keyword": "Given "
          },
          {
            "result": {
              "duration": 146000000,
              "status": "passed"
            },
            "line": 77,
            "name": "enter a clicks dropdown menu",
            "match": {
              "location": "stepdefinitions.CreateNewAccountStepDef.enter_a_clicks_dropdown_menu()"
            },
            "keyword": "And "
          },
          {
            "result": {
              "duration": 223000000,
              "status": "passed"
            },
            "line": 78,
            "name": "sign in",
            "match": {
              "location": "stepdefinitions.CreateNewAccountStepDef.sign_in()"
            },
            "keyword": "And "
          },
          {
            "result": {
              "duration": 129000000,
              "status": "passed"
            },
            "line": 79,
            "name": "the username enters i",
            "match": {
              "location": "stepdefinitions.CreateNewAccountStepDef.the_username_enters_i()"
            },
            "keyword": "And "
          },
          {
            "result": {
              "duration": 210000000,
              "status": "passed"
            },
            "line": 80,
            "name": "the user password enters u",
            "match": {
              "location": "stepdefinitions.CreateNewAccountStepDef.the_user_password_enters_u()"
            },
            "keyword": "And "
          },
          {
            "result": {
              "duration": 170000000,
              "status": "passed"
            },
            "line": 81,
            "name": "user clicks sign in button",
            "match": {
              "location": "stepdefinitions.CreateNewAccountStepDef.user_clicks_sign_in_button()"
            },
            "keyword": "And "
          },
          {
            "result": {
              "duration": 467000000,
              "status": "passed"
            },
            "line": 82,
            "name": "click the \u0027MyOperations\u0027 dropdown menu att one click.",
            "match": {
              "arguments": [
                {
                  "val": "\u0027MyOperations\u0027",
                  "offset": 10
                }
              ],
              "location": "stepdefinitions.CreateNewAccountStepDef.click_the_dropdown_menu_att_one_click(java.lang.String)"
            },
            "keyword": "And "
          },
          {
            "result": {
              "error_message": "org.openqa.selenium.NoSuchElementException: no such element: Unable to locate element: {\"method\":\"css selector\",\"selector\":\"#tp\\-account\\-employee\"}\n  (Session info: chrome\u003d86.0.4240.198)\nFor documentation on this error, please visit: https://www.seleniumhq.org/exceptions/no_such_element.html\nBuild info: version: \u00273.141.59\u0027, revision: \u0027e82be7d358\u0027, time: \u00272018-11-14T08:17:03\u0027\nSystem info: host: \u0027Air-MacBook-Air.local\u0027, ip: \u00272001:14ba:3fb:5800:0:0:0:3%en0\u0027, os.name: \u0027Mac OS X\u0027, os.arch: \u0027x86_64\u0027, os.version: \u002710.15.6\u0027, java.version: \u00271.8.0_241\u0027\nDriver info: org.openqa.selenium.chrome.ChromeDriver\nCapabilities {acceptInsecureCerts: false, browserName: chrome, browserVersion: 86.0.4240.198, chrome: {chromedriverVersion: 86.0.4240.22 (398b0743353ff..., userDataDir: /var/folders/t_/rz3t8_b5221...}, goog:chromeOptions: {debuggerAddress: localhost:61520}, javascriptEnabled: true, networkConnectionEnabled: false, pageLoadStrategy: normal, platform: MAC, platformName: MAC, proxy: Proxy(), setWindowRect: true, strictFileInteractability: false, timeouts: {implicit: 0, pageLoad: 300000, script: 30000}, unhandledPromptBehavior: dismiss and notify, webauthn:virtualAuthenticators: true}\nSession ID: 61022d60d9a7e9fd7aee2afb15bfbe55\n*** Element info: {Using\u003did, value\u003dtp-account-employee}\n\tat sun.reflect.NativeConstructorAccessorImpl.newInstance0(Native Method)\n\tat sun.reflect.NativeConstructorAccessorImpl.newInstance(NativeConstructorAccessorImpl.java:62)\n\tat sun.reflect.DelegatingConstructorAccessorImpl.newInstance(DelegatingConstructorAccessorImpl.java:45)\n\tat java.lang.reflect.Constructor.newInstance(Constructor.java:423)\n\tat org.openqa.selenium.remote.http.W3CHttpResponseCodec.createException(W3CHttpResponseCodec.java:187)\n\tat org.openqa.selenium.remote.http.W3CHttpResponseCodec.decode(W3CHttpResponseCodec.java:122)\n\tat org.openqa.selenium.remote.http.W3CHttpResponseCodec.decode(W3CHttpResponseCodec.java:49)\n\tat org.openqa.selenium.remote.HttpCommandExecutor.execute(HttpCommandExecutor.java:158)\n\tat org.openqa.selenium.remote.service.DriverCommandExecutor.execute(DriverCommandExecutor.java:83)\n\tat org.openqa.selenium.remote.RemoteWebDriver.execute(RemoteWebDriver.java:552)\n\tat org.openqa.selenium.remote.RemoteWebDriver.findElement(RemoteWebDriver.java:323)\n\tat org.openqa.selenium.remote.RemoteWebDriver.findElementById(RemoteWebDriver.java:372)\n\tat org.openqa.selenium.By$ById.findElement(By.java:188)\n\tat org.openqa.selenium.remote.RemoteWebDriver.findElement(RemoteWebDriver.java:315)\n\tat org.openqa.selenium.support.pagefactory.DefaultElementLocator.findElement(DefaultElementLocator.java:69)\n\tat org.openqa.selenium.support.pagefactory.internal.LocatingElementHandler.invoke(LocatingElementHandler.java:38)\n\tat com.sun.proxy.$Proxy17.click(Unknown Source)\n\tat stepdefinitions.CreateNewAccountStepDef.user_Employee_clicks_dropdown(CreateNewAccountStepDef.java:174)\n\tat ✽.User Employee clicks dropdown(file:///Users/air/IdeaProjects/com.gmibank/src/test/resources/features/US19adminCreateNewAccount.feature:83)\n",
              "duration": 10024000000,
              "status": "failed"
            },
            "line": 83,
            "name": "User Employee clicks dropdown",
            "match": {
              "location": "stepdefinitions.CreateNewAccountStepDef.user_Employee_clicks_dropdown()"
            },
            "keyword": "Then "
          },
          {
            "result": {
              "duration": 1000000,
              "status": "skipped"
            },
            "line": 84,
            "name": "confirms that an employee can be selected from the select drop-down menu.",
            "match": {
              "location": "stepdefinitions.CreateNewAccountStepDef.confirms_that_an_employee_can_be_selected_from_the_select_drop_down_menu()"
            },
            "keyword": "Then "
          }
        ],
        "tags": [
          {
            "name": "@US19"
          },
          {
            "name": "@US19TC05"
          }
        ]
      }
    ],
    "name": "System should allow Admin to create a new Account",
    "description": "",
    "id": "system-should-allow-admin-to-create-a-new-account",
    "keyword": "Feature",
    "uri": "file:src/test/resources/features/US19adminCreateNewAccount.feature",
    "tags": [
      {
        "name": "@US19",
        "type": "Tag",
        "location": {
          "line": 1,
          "column": 1
        }
      }
    ]
  }
]